SF:lib/components/memory_info/memory_service.dart
DA:11,1
DA:12,1
DA:13,1
DA:14,1
DA:15,1
DA:16,1
DA:17,1
DA:18,1
DA:20,1
DA:21,1
DA:23,4
DA:26,1
DA:33,1
DA:45,1
DA:46,3
DA:47,2
DA:48,2
DA:49,2
DA:51,0
DA:52,0
DA:53,0
DA:55,0
DA:59,0
DA:61,0
DA:63,0
DA:64,0
DA:67,0
DA:69,0
DA:71,0
DA:72,0
DA:73,0
DA:74,0
DA:75,0
DA:76,0
DA:77,0
DA:79,0
DA:81,0
DA:82,0
DA:83,0
DA:84,0
DA:87,0
DA:88,0
DA:89,0
DA:92,0
DA:94,0
DA:97,0
DA:98,0
DA:99,0
DA:100,0
DA:101,0
DA:102,0
DA:105,0
DA:106,0
DA:107,0
DA:108,0
DA:109,0
DA:110,0
DA:113,0
DA:114,0
DA:115,0
DA:116,0
DA:117,0
DA:118,0
DA:121,1
DA:123,0
DA:124,0
DA:125,0
DA:127,2
DA:131,1
DA:133,1
DA:134,1
DA:135,0
DA:136,0
DA:138,0
DA:139,0
DA:143,2
DA:144,2
DA:146,1
DA:150,0
DA:154,0
DA:155,0
DA:156,0
DA:157,0
DA:159,0
LF:84
LH:26
end_of_record
SF:lib/components/performance/performance.dart
DA:8,1
DA:10,1
DA:13,1
DA:14,1
DA:15,3
DA:18,1
DA:21,1
DA:23,2
DA:25,1
DA:28,0
DA:31,1
LF:11
LH:10
end_of_record
SF:lib/components/memory_info/memory_info_page.dart
DA:9,2
DA:11,1
DA:13,1
DA:14,1
DA:15,1
DA:19,1
DA:22,1
DA:24,2
DA:26,1
DA:29,0
DA:32,1
DA:41,0
DA:45,2
DA:47,1
DA:48,1
DA:58,1
DA:60,1
DA:61,2
DA:62,0
DA:66,1
DA:67,1
DA:68,2
DA:69,2
DA:72,0
DA:73,0
DA:74,0
DA:75,0
DA:76,0
DA:77,0
DA:78,0
DA:82,1
DA:83,2
DA:84,1
DA:87,1
DA:90,1
DA:93,3
DA:94,1
DA:97,1
DA:100,1
DA:103,3
DA:104,1
DA:106,2
DA:107,1
DA:110,1
DA:112,1
DA:113,1
DA:114,1
DA:115,1
DA:116,1
DA:119,2
DA:123,1
DA:125,1
DA:127,1
DA:129,1
DA:130,1
DA:132,1
DA:133,1
DA:134,1
DA:135,1
DA:136,3
DA:137,1
DA:140,2
DA:141,1
DA:142,1
DA:143,2
DA:144,1
DA:147,2
DA:148,1
DA:151,1
DA:152,2
DA:153,0
DA:154,1
DA:155,2
DA:156,1
DA:159,2
DA:160,1
DA:162,1
DA:166,2
DA:170,1
DA:171,1
DA:172,1
DA:173,0
DA:174,0
DA:175,0
DA:177,0
DA:178,0
DA:179,0
DA:180,0
DA:181,0
DA:182,0
DA:184,0
DA:185,0
DA:186,0
DA:187,0
DA:188,0
DA:189,0
DA:190,0
DA:191,0
DA:192,0
DA:193,0
DA:198,3
DA:210,1
DA:217,1
DA:225,1
DA:226,1
DA:232,1
DA:234,1
DA:235,3
DA:238,1
DA:240,1
DA:241,1
DA:242,2
DA:243,2
DA:244,2
DA:246,2
DA:247,6
DA:251,1
DA:252,2
DA:253,3
DA:255,2
DA:256,2
DA:257,1
DA:264,1
DA:266,1
DA:272,1
DA:274,1
DA:276,1
DA:277,0
DA:278,0
DA:279,0
DA:280,1
DA:282,1
DA:283,3
DA:284,1
DA:285,1
DA:289,1
DA:295,0
DA:296,0
DA:297,0
DA:298,0
DA:304,0
DA:305,0
DA:312,0
DA:314,0
DA:316,0
DA:317,0
DA:318,0
DA:319,0
DA:321,0
DA:322,0
DA:323,0
DA:324,0
DA:326,0
DA:327,0
DA:331,0
DA:333,0
DA:334,0
DA:335,0
DA:336,0
DA:337,0
DA:338,0
DA:339,0
DA:340,0
DA:342,0
DA:343,0
DA:346,0
DA:350,0
DA:351,0
DA:352,0
DA:355,0
DA:359,0
DA:360,0
LF:172
LH:103
end_of_record
