SF:lib/components/memory_info/memory_service.dart
DA:11,1
DA:12,1
DA:13,1
DA:14,1
DA:15,1
DA:16,1
DA:17,1
DA:18,1
DA:20,1
DA:21,1
DA:23,4
DA:26,1
DA:33,1
DA:45,1
DA:46,3
DA:47,2
DA:48,2
DA:49,2
DA:51,0
DA:52,0
DA:53,0
DA:55,0
DA:59,0
DA:61,0
DA:62,0
DA:64,0
DA:68,0
DA:69,0
DA:71,0
DA:72,0
DA:73,0
DA:74,0
DA:75,0
DA:76,0
DA:77,0
DA:79,0
DA:80,0
DA:81,0
DA:82,0
DA:85,0
DA:86,0
DA:87,0
DA:89,0
DA:92,0
DA:96,0
DA:97,0
DA:98,0
DA:99,0
DA:100,0
DA:101,0
DA:104,0
DA:105,0
DA:106,0
DA:107,0
DA:108,0
DA:109,0
DA:112,0
DA:113,0
DA:114,0
DA:115,0
DA:116,0
DA:117,0
DA:120,1
DA:122,0
DA:123,0
DA:124,0
DA:126,2
DA:130,1
DA:132,1
DA:133,1
DA:134,0
DA:135,0
DA:137,0
DA:138,0
DA:142,2
DA:143,2
DA:145,1
DA:149,0
DA:153,0
DA:154,0
DA:155,0
DA:156,0
DA:158,0
LF:83
LH:26
end_of_record
SF:lib/components/performance/performance.dart
DA:8,1
DA:10,1
DA:13,1
DA:14,1
DA:15,3
DA:18,1
DA:21,1
DA:23,2
DA:25,1
DA:28,1
LF:10
LH:10
end_of_record
SF:lib/components/memory_info/memory_info_page.dart
DA:9,2
DA:11,1
DA:13,1
DA:14,1
DA:15,1
DA:19,1
DA:22,1
DA:24,2
DA:26,1
DA:29,1
DA:38,0
DA:42,2
DA:44,1
DA:45,1
DA:55,1
DA:57,1
DA:58,2
DA:59,0
DA:63,1
DA:64,1
DA:65,2
DA:66,2
DA:69,0
DA:70,0
DA:71,0
DA:72,0
DA:73,0
DA:74,0
DA:75,0
DA:79,1
DA:80,2
DA:81,1
DA:84,1
DA:87,1
DA:90,3
DA:91,1
DA:94,1
DA:97,1
DA:100,3
DA:101,1
DA:103,2
DA:104,1
DA:107,1
DA:109,1
DA:110,1
DA:111,1
DA:112,1
DA:113,1
DA:116,2
DA:120,1
DA:122,1
DA:124,1
DA:126,1
DA:127,1
DA:129,1
DA:130,1
DA:131,1
DA:132,1
DA:133,3
DA:134,1
DA:137,2
DA:138,1
DA:139,1
DA:140,2
DA:141,1
DA:144,2
DA:145,1
DA:148,1
DA:149,2
DA:150,0
DA:151,1
DA:152,2
DA:153,1
DA:156,2
DA:157,1
DA:159,1
DA:163,2
DA:167,1
DA:168,1
DA:169,1
DA:170,0
DA:171,0
DA:172,0
DA:174,0
DA:175,0
DA:176,0
DA:177,0
DA:178,0
DA:179,0
DA:181,0
DA:182,0
DA:183,0
DA:184,0
DA:185,0
DA:186,0
DA:187,0
DA:188,0
DA:189,0
DA:190,0
DA:195,3
DA:207,1
DA:214,1
DA:222,1
DA:223,1
DA:229,1
DA:231,1
DA:232,3
DA:235,1
DA:237,1
DA:238,1
DA:239,2
DA:240,2
DA:241,2
DA:243,2
DA:244,6
DA:248,1
DA:249,2
DA:250,3
DA:252,2
DA:253,2
DA:254,1
DA:261,1
DA:263,1
DA:269,1
DA:271,1
DA:273,1
DA:274,0
DA:275,0
DA:276,0
DA:277,1
DA:279,1
DA:280,3
DA:281,1
DA:282,1
DA:286,1
DA:292,0
DA:293,0
DA:294,0
DA:295,0
DA:301,0
DA:302,0
DA:309,0
DA:311,0
DA:313,0
DA:314,0
DA:315,0
DA:316,0
DA:318,0
DA:319,0
DA:320,0
DA:321,0
DA:323,0
DA:324,0
DA:328,0
DA:330,0
DA:331,0
DA:332,0
DA:333,0
DA:334,0
DA:335,0
DA:336,0
DA:337,0
DA:339,0
DA:340,0
DA:343,0
DA:347,0
DA:348,0
DA:349,0
DA:352,0
DA:356,0
DA:357,0
LF:171
LH:103
end_of_record
