SF:lib/components/device_info/device_info_panel.dart
DA:11,1
DA:13,1
DA:14,1
DA:16,1
DA:19,1
DA:21,2
DA:23,1
DA:26,1
DA:33,1
DA:35,1
DA:36,1
DA:39,1
DA:40,1
DA:41,1
DA:42,3
DA:43,2
DA:44,1
DA:45,3
DA:46,2
DA:47,1
DA:49,1
DA:50,2
DA:51,2
DA:53,2
DA:54,2
DA:57,1
DA:58,1
DA:59,2
DA:60,2
DA:61,2
DA:62,2
DA:63,2
DA:64,2
DA:65,2
DA:66,1
DA:67,1
DA:68,1
DA:69,1
DA:70,1
DA:71,1
DA:72,1
DA:73,1
DA:74,1
DA:75,1
DA:76,1
DA:77,1
DA:78,1
DA:79,1
DA:80,1
DA:81,1
DA:82,1
DA:83,1
DA:84,1
DA:88,1
DA:89,1
DA:90,1
DA:91,1
DA:92,1
DA:93,1
DA:94,1
DA:95,1
DA:96,1
DA:97,2
DA:98,2
DA:99,2
DA:100,2
DA:101,2
DA:105,1
DA:107,1
DA:110,1
DA:111,1
DA:112,1
DA:114,1
DA:117,1
DA:118,1
DA:120,1
DA:128,1
DA:129,1
DA:130,4
DA:131,1
DA:132,1
DA:133,2
LF:82
LH:82
end_of_record
SF:lib/components/cpu_info/cpu_info_page.dart
DA:9,1
DA:10,1
DA:16,1
DA:17,1
DA:19,1
DA:22,1
DA:25,1
DA:28,1
DA:30,2
DA:36,1
DA:38,3
DA:39,1
DA:41,1
DA:42,1
DA:45,1
DA:47,1
DA:49,1
DA:50,2
DA:51,5
DA:52,5
DA:54,2
DA:55,2
DA:59,1
DA:61,1
DA:62,4
DA:65,1
DA:67,1
DA:68,2
DA:69,3
DA:70,3
DA:71,3
DA:72,3
DA:73,3
DA:74,3
DA:75,3
DA:76,3
DA:77,3
DA:78,3
DA:79,1
DA:81,2
DA:82,1
DA:83,1
DA:85,2
DA:86,1
DA:87,1
DA:89,2
DA:90,1
DA:91,1
DA:93,2
DA:94,1
DA:95,1
DA:97,2
DA:98,1
DA:101,1
DA:102,1
DA:103,3
DA:105,2
DA:106,2
DA:107,1
DA:108,2
DA:109,1
DA:110,1
DA:111,5
DA:112,5
DA:113,5
DA:116,3
DA:117,2
DA:118,1
LF:68
LH:68
end_of_record
