SF:lib/components/device_info/device_info_panel.dart
DA:11,1
DA:13,1
DA:14,1
DA:16,1
DA:19,1
DA:21,2
DA:23,1
DA:26,0
DA:29,1
DA:36,1
DA:38,1
DA:39,1
DA:42,1
DA:43,1
DA:44,1
DA:45,3
DA:46,2
DA:47,1
DA:48,3
DA:49,2
DA:50,1
DA:52,1
DA:53,2
DA:54,2
DA:56,2
DA:57,2
DA:60,1
DA:61,1
DA:62,2
DA:63,2
DA:64,2
DA:65,2
DA:66,2
DA:67,2
DA:68,2
DA:69,1
DA:70,1
DA:71,1
DA:72,1
DA:73,1
DA:74,1
DA:75,1
DA:76,1
DA:77,1
DA:78,1
DA:79,1
DA:80,1
DA:81,1
DA:82,1
DA:83,1
DA:84,1
DA:85,1
DA:86,1
DA:87,1
DA:91,1
DA:92,1
DA:93,1
DA:94,1
DA:95,1
DA:96,1
DA:97,1
DA:98,1
DA:99,1
DA:100,2
DA:101,2
DA:102,2
DA:103,2
DA:104,2
DA:108,1
DA:110,1
DA:113,1
DA:114,1
DA:115,1
DA:117,1
DA:120,1
DA:121,1
DA:123,1
DA:131,1
DA:132,1
DA:133,4
DA:134,1
DA:135,1
DA:136,2
LF:83
LH:82
end_of_record
SF:lib/components/cpu_info/cpu_info_page.dart
DA:9,1
DA:10,1
DA:16,1
DA:17,1
DA:19,1
DA:22,1
DA:25,0
DA:28,1
DA:31,1
DA:33,2
DA:39,1
DA:41,3
DA:42,1
DA:44,1
DA:45,1
DA:48,1
DA:50,1
DA:52,1
DA:53,2
DA:54,5
DA:55,5
DA:57,2
DA:58,2
DA:62,1
DA:64,1
DA:65,4
DA:68,1
DA:70,1
DA:71,2
DA:72,3
DA:73,3
DA:74,3
DA:75,3
DA:76,3
DA:77,3
DA:78,3
DA:79,3
DA:80,3
DA:81,3
DA:82,1
DA:84,2
DA:85,1
DA:86,1
DA:88,2
DA:89,1
DA:90,1
DA:92,2
DA:93,1
DA:94,1
DA:96,2
DA:97,1
DA:98,1
DA:100,2
DA:101,1
DA:104,1
DA:105,1
DA:106,3
DA:108,2
DA:109,2
DA:110,1
DA:111,2
DA:112,1
DA:113,1
DA:114,5
DA:115,5
DA:116,5
DA:119,3
DA:120,2
DA:121,1
LF:69
LH:68
end_of_record
