SF:lib/components/widget_detail_inspector/widget_detail_inspector.dart
DA:11,2
DA:13,1
DA:15,1
DA:16,1
DA:17,1
DA:21,1
DA:24,1
DA:26,2
DA:28,1
DA:31,0
DA:34,1
DA:39,2
DA:41,1
DA:42,1
DA:46,3
DA:54,1
DA:55,1
DA:56,2
DA:57,2
DA:61,1
DA:62,2
DA:63,2
DA:66,1
DA:67,1
DA:68,2
DA:70,3
DA:71,5
DA:72,1
DA:73,3
DA:78,1
DA:80,1
DA:81,2
DA:84,1
DA:86,1
DA:87,1
DA:88,1
DA:89,1
DA:91,1
DA:92,1
DA:93,3
DA:94,3
DA:97,1
DA:98,2
DA:99,1
DA:100,1
DA:111,1
DA:115,1
DA:116,0
DA:117,1
DA:121,1
DA:122,1
DA:129,1
DA:131,1
DA:132,4
DA:133,3
DA:135,2
DA:138,1
DA:139,4
DA:140,1
DA:141,1
DA:150,1
DA:151,1
DA:152,1
DA:153,4
DA:154,1
DA:155,2
DA:156,1
DA:157,2
DA:158,1
DA:161,1
DA:163,1
DA:164,1
DA:165,1
DA:167,2
DA:168,1
DA:169,1
DA:170,4
DA:171,1
DA:179,0
DA:180,0
DA:181,0
DA:182,0
DA:183,0
DA:184,0
DA:185,0
DA:188,0
DA:189,0
DA:193,1
DA:195,1
DA:197,1
DA:198,1
DA:199,1
DA:200,1
DA:203,1
DA:204,1
DA:206,1
DA:207,1
DA:208,1
DA:209,3
DA:211,1
DA:212,1
DA:213,1
DA:214,2
DA:215,1
DA:217,2
DA:223,1
DA:224,1
DA:226,1
DA:227,1
DA:229,1
DA:234,1
DA:235,1
DA:236,4
DA:237,1
DA:241,1
DA:246,1
DA:247,0
DA:248,1
DA:252,1
DA:253,1
DA:255,1
DA:262,1
DA:263,1
DA:264,3
DA:265,1
DA:266,1
DA:267,1
DA:270,1
DA:272,1
DA:273,1
DA:274,1
DA:275,2
DA:276,1
DA:277,1
DA:278,1
DA:279,2
DA:280,1
DA:281,1
DA:283,1
DA:284,1
DA:285,1
DA:286,1
DA:289,1
DA:290,4
DA:291,1
DA:292,1
DA:293,1
DA:296,1
DA:297,1
DA:298,1
DA:299,1
DA:300,1
DA:301,2
DA:305,2
DA:310,0
LF:155
LH:142
end_of_record
SF:lib/components/hit_test.dart
DA:7,3
DA:11,9
DA:12,3
DA:14,3
DA:22,3
DA:27,3
DA:29,3
DA:30,12
DA:31,3
DA:32,0
DA:33,6
DA:34,6
DA:35,3
DA:36,3
DA:37,3
DA:39,3
DA:40,3
DA:41,3
DA:45,3
DA:46,3
DA:48,6
DA:49,0
DA:51,3
DA:55,3
DA:56,3
DA:58,3
DA:59,3
DA:60,3
DA:61,6
DA:62,9
DA:66,15
DA:68,3
DA:69,3
DA:70,3
LF:34
LH:32
end_of_record
SF:lib/components/widget_detail_inspector/search_bar.dart
DA:10,3
DA:31,1
DA:47,1
DA:49,1
DA:50,1
DA:58,1
DA:60,1
DA:61,2
DA:62,0
DA:63,0
DA:68,1
DA:70,2
DA:71,1
DA:74,0
DA:75,0
DA:76,0
DA:79,0
DA:80,0
DA:83,0
DA:84,0
DA:85,0
DA:86,0
DA:90,0
DA:91,0
DA:92,0
DA:93,0
DA:94,0
DA:97,0
DA:98,0
DA:102,1
DA:103,1
DA:105,1
DA:106,1
DA:112,1
DA:113,1
DA:114,1
DA:116,0
DA:117,0
DA:118,0
DA:119,0
DA:120,0
DA:122,0
DA:124,0
DA:125,0
DA:126,0
DA:131,1
DA:132,1
DA:133,3
DA:134,1
DA:135,3
DA:139,1
DA:140,3
DA:141,1
DA:142,2
DA:144,2
DA:145,1
DA:146,1
DA:147,1
DA:148,2
DA:150,1
DA:153,1
DA:158,2
DA:159,1
DA:163,2
DA:165,1
DA:167,3
DA:177,1
DA:178,1
DA:179,3
DA:180,0
DA:183,0
DA:185,1
DA:186,1
DA:190,1
DA:192,1
DA:193,1
DA:195,1
DA:197,2
DA:198,2
DA:204,1
DA:206,2
DA:207,0
DA:210,0
DA:212,2
DA:213,1
DA:215,0
DA:217,0
DA:218,0
DA:224,1
DA:225,0
DA:226,0
DA:227,0
DA:228,0
DA:234,1
DA:236,1
DA:237,1
DA:239,1
DA:240,1
DA:242,1
DA:244,2
LF:100
LH:62
end_of_record
SF:lib/components/color_sucker/color_sucker.dart
DA:14,1
DA:18,1
DA:20,1
DA:21,1
DA:23,1
DA:26,1
DA:29,0
DA:32,1
DA:35,1
DA:37,2
DA:52,1
DA:54,6
DA:55,3
DA:56,3
DA:57,4
DA:58,5
DA:59,1
DA:60,5
DA:61,1
DA:64,0
DA:66,0
DA:67,0
DA:68,0
DA:70,0
DA:71,0
DA:72,0
DA:74,0
DA:77,1
DA:78,1
DA:79,4
DA:80,2
DA:81,2
DA:82,1
DA:83,1
DA:84,3
DA:85,3
DA:86,1
DA:87,2
DA:88,2
DA:91,1
DA:92,4
DA:93,2
DA:96,1
DA:97,3
DA:98,1
DA:99,2
DA:103,1
DA:104,1
DA:107,1
DA:108,1
DA:111,1
DA:114,3
DA:115,0
DA:117,0
DA:121,0
DA:122,0
DA:123,0
DA:124,0
DA:126,3
DA:130,1
DA:131,1
DA:132,0
DA:133,0
DA:134,0
DA:135,0
DA:136,0
DA:139,0
DA:140,0
DA:141,0
DA:142,0
DA:145,1
DA:147,2
DA:148,0
DA:149,0
DA:150,0
DA:152,1
DA:153,4
DA:154,1
DA:156,1
DA:157,1
DA:162,1
DA:163,1
DA:164,1
DA:168,1
DA:170,1
DA:171,1
DA:172,1
DA:179,1
DA:182,6
DA:192,1
DA:194,1
DA:195,1
DA:197,1
DA:198,1
DA:199,1
DA:200,1
DA:201,2
DA:202,2
DA:203,1
DA:204,1
DA:205,1
DA:206,1
DA:207,1
DA:208,1
DA:209,1
DA:210,3
DA:212,1
DA:213,1
DA:214,1
DA:221,2
DA:222,2
DA:223,1
DA:224,1
DA:225,1
LF:114
LH:87
end_of_record
SF:lib/components/align_ruler/align_ruler.dart
DA:11,2
DA:13,1
DA:14,1
DA:16,1
DA:19,1
DA:21,2
DA:23,1
DA:26,0
DA:29,1
DA:45,1
DA:47,3
DA:48,4
DA:49,3
DA:50,1
DA:51,2
DA:52,2
DA:55,1
DA:56,2
DA:57,2
DA:61,1
DA:62,1
DA:63,2
DA:64,2
DA:66,2
DA:67,2
DA:68,5
DA:69,2
DA:71,2
DA:72,2
DA:73,5
DA:74,1
DA:76,0
DA:78,5
DA:79,0
DA:81,3
DA:83,1
DA:87,2
DA:88,2
DA:89,1
DA:93,0
DA:94,0
DA:95,0
DA:99,1
DA:100,1
DA:102,1
DA:104,1
DA:107,1
DA:108,3
DA:111,1
DA:112,2
DA:113,1
DA:114,1
DA:115,0
DA:120,1
DA:122,2
DA:123,0
DA:124,0
DA:127,1
DA:128,4
DA:129,1
DA:131,1
DA:132,1
DA:137,1
DA:139,1
DA:140,1
DA:142,1
DA:144,1
DA:145,1
DA:146,1
DA:148,1
DA:149,5
DA:151,1
DA:152,1
DA:153,7
DA:158,1
DA:159,1
DA:161,1
DA:162,5
DA:164,1
DA:165,1
DA:166,7
DA:174,1
DA:176,1
DA:177,1
DA:178,1
DA:181,1
DA:183,1
DA:184,1
DA:185,1
DA:189,1
DA:190,1
DA:192,1
DA:204,5
DA:205,5
DA:207,1
DA:209,3
DA:210,3
DA:211,1
DA:213,1
DA:214,1
DA:216,7
DA:217,5
DA:218,1
DA:219,1
DA:221,7
DA:222,5
DA:223,1
DA:224,1
DA:225,3
DA:226,7
DA:227,3
DA:229,1
DA:230,7
DA:231,1
DA:232,1
DA:233,3
DA:234,7
DA:235,3
DA:237,1
DA:238,7
DA:239,1
DA:240,1
DA:241,2
DA:243,1
DA:245,2
DA:248,1
DA:250,2
DA:251,1
DA:252,2
DA:256,1
DA:257,5
DA:258,5
DA:259,1
DA:260,1
DA:261,1
DA:262,1
DA:263,1
DA:264,1
DA:265,3
DA:266,3
DA:267,1
DA:269,1
DA:272,2
DA:273,2
DA:274,1
DA:275,1
DA:276,1
DA:280,1
DA:282,1
DA:283,1
DA:284,1
DA:285,1
DA:286,1
LF:153
LH:144
end_of_record
SF:lib/components/widget_info_inspector/widget_info_inspector.dart
DA:9,2
DA:11,1
DA:12,1
DA:14,1
DA:17,1
DA:20,0
DA:23,1
DA:26,1
DA:28,2
DA:33,1
DA:34,2
DA:42,1
DA:44,1
DA:45,2
DA:46,2
DA:50,1
DA:51,2
DA:52,2
DA:55,0
DA:57,0
DA:58,0
DA:59,0
DA:60,0
DA:61,0
DA:66,1
DA:67,1
DA:68,2
DA:72,1
DA:74,1
DA:75,2
DA:78,1
DA:80,1
DA:81,1
DA:82,1
DA:83,1
DA:84,1
DA:86,1
DA:87,1
DA:88,3
DA:89,3
DA:91,1
DA:92,3
DA:93,1
LF:43
LH:36
end_of_record
