SF:lib/components/widget_detail_inspector/widget_detail_inspector.dart
DA:11,2
DA:13,1
DA:15,1
DA:16,1
DA:17,1
DA:21,1
DA:24,1
DA:26,2
DA:28,1
DA:31,1
DA:36,2
DA:38,1
DA:39,1
DA:43,3
DA:51,1
DA:52,1
DA:53,2
DA:54,2
DA:58,1
DA:59,2
DA:60,2
DA:63,1
DA:64,1
DA:65,2
DA:67,3
DA:68,5
DA:69,1
DA:70,3
DA:75,1
DA:77,1
DA:78,2
DA:81,1
DA:83,1
DA:84,1
DA:85,1
DA:86,1
DA:88,1
DA:89,1
DA:90,3
DA:91,3
DA:94,1
DA:95,2
DA:96,1
DA:97,1
DA:108,1
DA:112,1
DA:113,0
DA:114,1
DA:118,1
DA:119,1
DA:126,1
DA:128,1
DA:129,4
DA:130,3
DA:132,2
DA:135,1
DA:136,4
DA:137,1
DA:138,1
DA:147,1
DA:148,1
DA:149,1
DA:150,4
DA:151,1
DA:152,2
DA:153,1
DA:154,2
DA:155,1
DA:158,1
DA:160,1
DA:161,1
DA:162,1
DA:164,2
DA:165,1
DA:166,1
DA:167,4
DA:168,1
DA:176,0
DA:177,0
DA:178,0
DA:179,0
DA:180,0
DA:181,0
DA:182,0
DA:185,0
DA:186,0
DA:190,1
DA:192,1
DA:194,1
DA:195,1
DA:196,1
DA:197,1
DA:200,1
DA:201,1
DA:203,1
DA:204,1
DA:205,1
DA:206,3
DA:208,1
DA:209,1
DA:210,1
DA:211,2
DA:212,1
DA:214,2
DA:220,1
DA:221,1
DA:223,1
DA:224,1
DA:226,1
DA:231,1
DA:232,1
DA:233,4
DA:234,1
DA:238,1
DA:243,1
DA:244,0
DA:245,1
DA:249,1
DA:250,1
DA:252,1
DA:259,1
DA:260,1
DA:261,3
DA:262,1
DA:263,1
DA:264,1
DA:267,1
DA:269,1
DA:270,1
DA:271,1
DA:272,2
DA:273,1
DA:274,1
DA:275,1
DA:276,2
DA:277,1
DA:278,1
DA:280,1
DA:281,1
DA:282,1
DA:283,1
DA:286,1
DA:287,4
DA:288,1
DA:289,1
DA:290,1
DA:293,1
DA:294,1
DA:295,1
DA:296,1
DA:297,3
DA:301,2
DA:306,0
LF:153
LH:141
end_of_record
SF:lib/components/hit_test.dart
DA:7,3
DA:11,9
DA:12,3
DA:14,3
DA:22,3
DA:27,3
DA:29,3
DA:30,12
DA:31,3
DA:32,0
DA:33,6
DA:34,6
DA:35,3
DA:36,3
DA:37,3
DA:39,3
DA:40,3
DA:41,3
DA:45,3
DA:46,3
DA:48,6
DA:49,0
DA:51,3
DA:55,3
DA:56,3
DA:58,3
DA:59,3
DA:60,3
DA:61,6
DA:62,9
DA:66,15
DA:68,3
DA:69,3
DA:70,3
LF:34
LH:32
end_of_record
SF:lib/components/widget_detail_inspector/search_bar.dart
DA:10,3
DA:31,1
DA:47,1
DA:49,1
DA:50,1
DA:58,1
DA:60,1
DA:61,2
DA:62,0
DA:63,0
DA:68,1
DA:70,2
DA:71,1
DA:74,0
DA:75,0
DA:76,0
DA:79,0
DA:80,0
DA:83,0
DA:84,0
DA:85,0
DA:86,0
DA:90,0
DA:91,0
DA:92,0
DA:93,0
DA:94,0
DA:97,0
DA:98,0
DA:102,1
DA:103,1
DA:105,1
DA:106,1
DA:112,1
DA:113,1
DA:114,1
DA:116,0
DA:117,0
DA:118,0
DA:119,0
DA:120,0
DA:122,0
DA:124,0
DA:125,0
DA:126,0
DA:131,1
DA:132,1
DA:133,3
DA:134,1
DA:135,3
DA:139,1
DA:140,3
DA:141,1
DA:142,2
DA:144,2
DA:145,1
DA:146,1
DA:147,1
DA:148,2
DA:150,1
DA:153,1
DA:158,2
DA:159,1
DA:163,2
DA:165,1
DA:167,3
DA:177,1
DA:178,1
DA:179,3
DA:180,0
DA:183,0
DA:185,1
DA:186,1
DA:190,1
DA:192,1
DA:193,1
DA:195,1
DA:197,2
DA:198,2
DA:204,1
DA:206,2
DA:207,0
DA:210,0
DA:212,2
DA:213,1
DA:215,0
DA:217,0
DA:218,0
DA:224,1
DA:225,0
DA:226,0
DA:227,0
DA:228,0
DA:234,1
DA:236,1
DA:237,1
DA:239,1
DA:240,1
DA:242,1
DA:244,2
LF:100
LH:62
end_of_record
SF:lib/components/color_sucker/color_sucker.dart
DA:14,1
DA:18,1
DA:20,1
DA:21,1
DA:23,1
DA:26,1
DA:29,1
DA:32,1
DA:34,2
DA:49,1
DA:51,6
DA:52,3
DA:53,3
DA:54,4
DA:55,5
DA:56,1
DA:57,5
DA:58,1
DA:61,0
DA:63,0
DA:64,0
DA:65,0
DA:67,0
DA:68,0
DA:69,0
DA:71,0
DA:74,1
DA:75,1
DA:76,4
DA:77,2
DA:78,2
DA:79,1
DA:80,1
DA:81,3
DA:82,3
DA:83,1
DA:84,2
DA:85,2
DA:88,1
DA:89,4
DA:90,2
DA:93,1
DA:94,3
DA:95,1
DA:96,2
DA:100,1
DA:101,1
DA:104,1
DA:105,1
DA:108,1
DA:111,3
DA:112,0
DA:114,0
DA:115,0
DA:116,0
DA:117,0
DA:118,0
DA:120,3
DA:124,1
DA:125,1
DA:126,0
DA:127,0
DA:128,0
DA:129,0
DA:130,0
DA:133,0
DA:134,0
DA:135,0
DA:136,0
DA:139,1
DA:141,2
DA:142,0
DA:143,0
DA:144,0
DA:146,1
DA:147,4
DA:148,1
DA:150,1
DA:151,1
DA:156,1
DA:157,1
DA:158,1
DA:162,1
DA:164,1
DA:165,1
DA:166,1
DA:173,1
DA:176,6
DA:186,1
DA:188,1
DA:189,1
DA:191,1
DA:192,1
DA:193,1
DA:194,1
DA:195,2
DA:196,2
DA:197,1
DA:198,1
DA:199,1
DA:200,1
DA:201,1
DA:202,1
DA:203,1
DA:204,3
DA:206,1
DA:207,1
DA:208,1
DA:215,2
DA:216,2
DA:217,1
DA:218,1
DA:219,1
LF:113
LH:87
end_of_record
SF:lib/components/widget_info_inspector/widget_info_inspector.dart
DA:9,2
DA:11,1
DA:12,1
DA:14,1
DA:17,1
DA:20,1
DA:23,1
DA:25,2
DA:30,1
DA:31,2
DA:39,1
DA:41,1
DA:42,2
DA:43,2
DA:47,1
DA:48,2
DA:49,2
DA:52,0
DA:54,0
DA:55,0
DA:56,0
DA:57,0
DA:58,0
DA:63,1
DA:64,1
DA:65,2
DA:69,1
DA:71,1
DA:72,2
DA:75,1
DA:77,1
DA:78,1
DA:79,1
DA:80,1
DA:81,1
DA:83,1
DA:84,1
DA:85,3
DA:86,3
DA:88,1
DA:89,3
DA:90,1
LF:42
LH:36
end_of_record
SF:lib/components/align_ruler/align_ruler.dart
DA:11,2
DA:13,1
DA:14,1
DA:16,1
DA:19,1
DA:21,2
DA:23,1
DA:26,1
DA:42,1
DA:44,3
DA:45,4
DA:46,3
DA:47,1
DA:48,2
DA:49,2
DA:52,1
DA:53,2
DA:54,2
DA:58,1
DA:59,1
DA:60,2
DA:61,2
DA:63,2
DA:64,2
DA:65,5
DA:66,2
DA:68,2
DA:69,2
DA:70,5
DA:71,1
DA:73,0
DA:75,5
DA:76,0
DA:78,3
DA:80,1
DA:84,2
DA:85,2
DA:86,1
DA:90,0
DA:91,0
DA:92,0
DA:96,1
DA:97,1
DA:99,1
DA:101,1
DA:104,1
DA:105,3
DA:108,1
DA:109,2
DA:110,1
DA:111,1
DA:112,0
DA:117,1
DA:119,2
DA:120,0
DA:121,0
DA:124,1
DA:125,4
DA:126,1
DA:128,1
DA:129,1
DA:134,1
DA:136,1
DA:137,1
DA:139,1
DA:141,1
DA:142,1
DA:143,1
DA:145,1
DA:146,5
DA:148,1
DA:149,1
DA:150,7
DA:155,1
DA:156,1
DA:158,1
DA:159,5
DA:161,1
DA:162,1
DA:163,7
DA:171,1
DA:173,1
DA:174,1
DA:175,1
DA:178,1
DA:180,1
DA:181,1
DA:182,1
DA:186,1
DA:187,1
DA:189,1
DA:201,5
DA:202,5
DA:204,1
DA:206,3
DA:207,3
DA:208,1
DA:210,1
DA:211,1
DA:213,7
DA:214,5
DA:215,1
DA:216,1
DA:218,7
DA:219,5
DA:220,1
DA:221,1
DA:222,3
DA:223,7
DA:224,3
DA:226,1
DA:227,7
DA:228,1
DA:229,1
DA:230,3
DA:231,7
DA:232,3
DA:234,1
DA:235,7
DA:236,1
DA:237,1
DA:238,2
DA:240,1
DA:242,2
DA:245,1
DA:247,2
DA:248,1
DA:249,2
DA:253,1
DA:254,5
DA:255,5
DA:256,1
DA:257,1
DA:258,1
DA:259,1
DA:260,1
DA:261,1
DA:262,3
DA:263,3
DA:264,1
DA:266,1
DA:269,2
DA:270,2
DA:271,1
DA:272,1
DA:273,1
DA:277,1
DA:279,1
DA:280,1
DA:281,1
DA:282,1
DA:283,1
LF:152
LH:144
end_of_record
