SF:lib/src/models/http_interceptor.dart
DA:10,0
DA:20,0
DA:22,0
DA:23,0
DA:26,0
DA:31,0
DA:32,0
DA:33,0
DA:36,0
DA:39,0
DA:40,0
DA:41,0
DA:42,0
LF:13
LH:0
end_of_record
SF:lib/src/pluggable.dart
DA:18,2
DA:19,4
DA:24,1
DA:25,1
DA:27,1
DA:29,2
DA:31,1
DA:34,0
DA:37,1
DA:40,1
LF:10
LH:9
end_of_record
SF:lib/src/constants/extensions.dart
DA:10,0
DA:11,0
DA:13,0
DA:14,0
DA:16,0
DA:17,0
DA:19,0
DA:20,0
LF:8
LH:0
end_of_record
SF:lib/src/containers/http_container.dart
DA:14,0
DA:18,2
DA:23,1
DA:24,7
DA:27,0
DA:29,0
DA:30,0
DA:31,0
DA:34,0
DA:35,0
DA:38,0
DA:39,0
DA:42,1
DA:43,1
DA:44,1
DA:47,0
DA:48,0
DA:49,0
DA:50,0
DA:53,0
DA:55,0
DA:56,0
LF:22
LH:6
end_of_record
SF:lib/src/instances.dart
DA:11,0
DA:13,3
LF:2
LH:1
end_of_record
SF:lib/src/widgets/pluggable_state.dart
DA:16,1
DA:20,1
DA:23,1
DA:24,1
DA:26,2
DA:33,1
DA:35,1
DA:37,3
DA:40,1
DA:42,1
DA:43,2
DA:44,1
DA:45,1
DA:50,0
DA:51,0
DA:52,0
DA:53,0
DA:54,0
DA:58,1
DA:59,1
DA:60,2
DA:61,1
DA:68,1
DA:78,1
DA:80,2
DA:81,1
DA:82,1
DA:83,0
DA:84,0
DA:85,0
DA:86,0
DA:87,0
DA:88,0
DA:89,0
DA:90,0
DA:92,0
DA:93,0
DA:99,0
DA:100,0
DA:101,0
DA:117,1
DA:119,1
DA:121,1
DA:122,3
DA:123,1
DA:125,1
DA:126,1
DA:128,4
DA:130,1
DA:134,2
DA:136,1
DA:137,1
DA:138,1
DA:140,1
DA:141,1
DA:143,1
DA:145,3
DA:147,1
DA:148,1
DA:150,1
DA:156,1
DA:157,1
DA:158,2
DA:159,1
DA:172,0
DA:175,0
DA:179,0
DA:180,0
DA:186,0
DA:188,0
DA:189,0
DA:192,0
DA:193,0
DA:196,0
DA:198,0
DA:201,0
DA:204,0
DA:207,0
DA:210,0
DA:213,0
DA:214,0
DA:217,0
DA:220,0
DA:223,0
DA:230,0
DA:233,0
DA:236,0
DA:237,0
DA:238,0
DA:240,0
DA:244,0
DA:245,0
DA:246,0
DA:248,0
DA:251,0
DA:252,0
DA:253,0
DA:254,0
DA:262,0
DA:263,0
DA:264,0
DA:265,0
DA:267,0
DA:272,0
DA:273,0
DA:274,0
DA:276,0
DA:277,0
DA:282,0
DA:283,0
DA:287,0
DA:289,0
DA:294,0
DA:295,0
DA:296,0
DA:297,0
DA:301,0
DA:303,0
DA:305,0
DA:306,0
DA:307,0
DA:308,0
DA:309,0
DA:311,0
DA:320,0
DA:322,0
DA:324,0
DA:326,0
DA:328,0
DA:330,0
DA:331,0
DA:333,0
DA:334,0
DA:343,0
DA:348,0
DA:354,0
DA:355,0
DA:356,0
DA:357,0
DA:358,0
DA:361,0
DA:366,0
DA:369,0
DA:370,0
DA:372,0
DA:374,0
DA:382,0
DA:386,0
DA:387,0
DA:388,0
LF:150
LH:46
end_of_record
