SF:lib/show_code/code_display_service.dart
DA:5,1
DA:7,3
DA:8,3
DA:9,4
DA:10,1
DA:17,2
DA:18,6
DA:20,3
DA:21,2
DA:22,1
DA:29,2
DA:30,6
DA:32,1
DA:34,3
DA:35,2
DA:36,3
DA:42,1
DA:43,3
DA:44,1
DA:45,1
LF:20
LH:20
end_of_record
SF:lib/show_code/page_info_helper.dart
DA:8,1
DA:9,1
DA:15,3
DA:17,0
DA:19,4
DA:21,1
DA:22,1
DA:23,2
DA:24,3
DA:25,1
DA:26,2
DA:27,2
DA:31,0
DA:35,0
DA:36,0
DA:39,1
DA:40,1
DA:41,1
DA:43,3
DA:47,2
DA:48,1
DA:51,1
DA:52,2
DA:53,3
DA:57,1
DA:58,4
DA:59,2
DA:60,1
DA:62,1
DA:63,1
DA:64,3
DA:65,1
DA:66,4
DA:68,1
DA:69,1
DA:70,1
DA:74,1
DA:76,5
DA:78,1
DA:79,1
DA:80,2
DA:83,1
DA:84,1
DA:85,3
DA:87,2
DA:90,0
DA:94,0
DA:95,0
DA:98,0
DA:100,0
DA:105,0
DA:106,0
DA:107,0
DA:108,0
DA:109,0
DA:110,0
DA:112,0
DA:113,0
DA:114,0
LF:59
LH:41
end_of_record
SF:lib/show_code/show_code.dart
DA:11,2
DA:13,1
DA:14,1
DA:16,1
DA:19,1
DA:21,2
DA:23,1
DA:26,0
DA:29,1
DA:43,1
DA:45,2
DA:46,1
DA:47,4
DA:48,3
DA:49,0
DA:50,0
DA:52,1
DA:53,1
DA:54,3
DA:55,1
DA:58,1
DA:59,1
DA:60,1
DA:65,4
DA:66,0
DA:67,1
DA:68,1
DA:69,1
DA:71,1
DA:73,1
DA:74,1
DA:75,1
DA:76,1
DA:77,1
DA:78,2
DA:81,2
DA:82,1
DA:83,1
DA:90,1
DA:91,1
DA:92,1
DA:93,1
DA:95,1
DA:96,2
DA:97,1
DA:98,2
DA:99,1
DA:102,1
DA:104,1
DA:105,1
DA:106,1
DA:107,0
DA:110,0
DA:112,1
DA:113,0
DA:115,0
DA:116,0
DA:117,0
DA:118,0
DA:119,0
DA:120,0
DA:121,0
DA:124,0
DA:125,0
DA:126,0
DA:128,0
DA:130,0
DA:131,0
DA:132,0
DA:133,0
DA:135,0
DA:139,0
DA:144,0
DA:145,0
DA:147,1
DA:148,1
DA:149,1
DA:152,1
DA:153,0
DA:154,1
DA:156,1
DA:157,1
DA:164,0
DA:165,0
DA:168,0
DA:169,0
DA:170,0
DA:172,0
DA:173,0
DA:174,0
DA:175,0
DA:176,0
DA:177,0
DA:179,0
DA:181,0
DA:182,0
DA:183,0
DA:184,0
DA:185,0
DA:195,1
DA:197,1
DA:199,1
DA:200,0
DA:201,1
DA:203,1
DA:205,1
DA:206,1
DA:207,1
DA:208,1
DA:209,1
DA:210,1
DA:212,1
DA:219,0
DA:220,0
DA:223,0
LF:115
LH:67
end_of_record
SF:lib/show_code/syntax_highlighter.dart
DA:9,1
DA:19,1
DA:20,1
DA:31,0
DA:32,0
DA:59,1
DA:60,2
DA:61,1
DA:134,1
DA:136,1
DA:137,3
DA:139,1
DA:141,1
DA:144,1
DA:145,0
DA:147,0
DA:149,0
DA:150,0
DA:152,0
DA:155,3
DA:157,0
DA:159,3
DA:162,0
DA:166,1
DA:167,2
DA:169,2
DA:171,0
DA:174,0
DA:175,0
DA:176,0
DA:181,0
DA:182,0
DA:186,0
DA:187,0
DA:190,0
DA:193,0
DA:194,0
DA:202,0
DA:203,0
DA:204,0
DA:209,0
DA:210,0
DA:211,0
DA:216,0
DA:217,0
DA:218,0
DA:223,0
DA:224,0
DA:225,0
DA:230,0
DA:231,0
DA:232,0
DA:237,0
DA:238,0
DA:239,0
DA:244,0
DA:245,0
DA:246,0
DA:251,0
DA:252,0
DA:253,0
DA:258,0
DA:259,0
DA:260,0
DA:265,0
DA:266,0
DA:267,0
DA:272,0
DA:275,0
DA:276,0
DA:278,0
DA:280,0
DA:282,0
DA:284,0
DA:285,0
DA:286,0
DA:290,0
DA:291,0
DA:296,0
DA:300,0
DA:303,1
DA:307,1
DA:308,4
DA:309,0
DA:310,0
DA:311,0
DA:312,0
DA:313,0
DA:318,0
DA:319,0
DA:320,0
DA:321,0
DA:327,2
DA:338,0
DA:343,0
DA:344,0
DA:347,0
DA:348,0
DA:349,0
DA:350,0
DA:351,0
DA:352,0
DA:353,0
DA:354,0
DA:355,0
DA:356,0
DA:357,0
DA:358,0
DA:359,0
DA:360,0
DA:361,0
DA:363,0
LF:112
LH:21
end_of_record
