SF:lib/show_code/code_display_service.dart
DA:5,1
DA:7,3
DA:8,3
DA:9,3
DA:10,1
DA:17,2
DA:18,6
DA:20,3
DA:21,2
DA:22,1
DA:29,2
DA:30,6
DA:32,1
DA:34,3
DA:35,2
DA:36,3
DA:42,1
DA:43,3
DA:44,1
LF:19
LH:19
end_of_record
SF:lib/show_code/page_info_helper.dart
DA:8,1
DA:9,1
DA:15,0
DA:17,0
DA:19,4
DA:21,1
DA:22,1
DA:23,2
DA:24,3
DA:25,1
DA:26,2
DA:27,2
DA:31,0
DA:35,0
DA:36,0
DA:39,1
DA:41,2
DA:42,1
DA:45,1
DA:46,2
DA:47,3
DA:51,1
DA:52,4
DA:53,2
DA:54,1
DA:56,1
DA:57,1
DA:58,3
DA:59,1
DA:60,4
DA:62,1
DA:63,1
DA:64,1
DA:68,1
DA:70,5
DA:72,1
DA:73,1
DA:74,2
DA:77,1
DA:78,1
DA:79,3
DA:81,2
DA:83,0
DA:87,0
DA:88,0
DA:91,0
DA:93,0
DA:98,0
DA:99,0
DA:100,0
DA:101,0
DA:102,0
DA:103,0
DA:105,0
DA:106,0
DA:107,0
LF:56
LH:37
end_of_record
SF:lib/show_code/show_code.dart
DA:11,2
DA:13,1
DA:14,1
DA:16,1
DA:19,1
DA:21,2
DA:23,1
DA:26,1
DA:40,1
DA:42,2
DA:43,1
DA:44,4
DA:45,3
DA:46,0
DA:47,0
DA:49,1
DA:50,1
DA:51,3
DA:52,1
DA:55,1
DA:56,1
DA:57,1
DA:62,4
DA:63,0
DA:64,1
DA:65,1
DA:66,1
DA:68,1
DA:70,1
DA:71,1
DA:72,1
DA:73,1
DA:74,1
DA:75,2
DA:78,2
DA:79,1
DA:80,1
DA:87,1
DA:88,1
DA:89,1
DA:90,1
DA:92,1
DA:93,2
DA:94,1
DA:95,2
DA:96,1
DA:99,1
DA:101,1
DA:102,1
DA:103,1
DA:104,0
DA:107,0
DA:109,1
DA:110,0
DA:112,0
DA:113,0
DA:114,0
DA:115,0
DA:116,0
DA:117,0
DA:118,0
DA:121,0
DA:122,0
DA:123,0
DA:125,0
DA:127,0
DA:128,0
DA:129,0
DA:130,0
DA:132,0
DA:136,0
DA:141,0
DA:142,0
DA:144,1
DA:145,1
DA:146,1
DA:149,1
DA:150,0
DA:151,1
DA:153,1
DA:154,1
DA:161,0
DA:162,0
DA:165,0
DA:166,0
DA:167,0
DA:169,0
DA:170,0
DA:171,0
DA:172,0
DA:173,0
DA:174,0
DA:176,0
DA:178,0
DA:179,0
DA:180,0
DA:181,0
DA:182,0
DA:192,1
DA:194,1
DA:196,1
DA:197,0
DA:198,1
DA:200,1
DA:202,1
DA:203,1
DA:204,1
DA:205,1
DA:206,1
DA:207,1
DA:209,1
DA:216,0
DA:217,0
DA:220,0
LF:114
LH:67
end_of_record
SF:lib/show_code/syntax_highlighter.dart
DA:9,1
DA:19,1
DA:20,1
DA:31,0
DA:32,0
DA:59,1
DA:60,2
DA:61,1
DA:134,1
DA:136,1
DA:137,3
DA:139,1
DA:141,1
DA:144,1
DA:145,0
DA:147,0
DA:149,0
DA:150,0
DA:152,0
DA:155,3
DA:157,0
DA:159,3
DA:162,0
DA:166,1
DA:167,2
DA:169,2
DA:171,0
DA:174,0
DA:175,0
DA:176,0
DA:181,0
DA:182,0
DA:186,0
DA:187,0
DA:190,0
DA:193,0
DA:194,0
DA:202,0
DA:203,0
DA:204,0
DA:209,0
DA:210,0
DA:211,0
DA:216,0
DA:217,0
DA:218,0
DA:223,0
DA:224,0
DA:225,0
DA:230,0
DA:231,0
DA:232,0
DA:237,0
DA:238,0
DA:239,0
DA:244,0
DA:245,0
DA:246,0
DA:251,0
DA:252,0
DA:253,0
DA:258,0
DA:259,0
DA:260,0
DA:265,0
DA:266,0
DA:267,0
DA:272,0
DA:275,0
DA:276,0
DA:278,0
DA:280,0
DA:282,0
DA:284,0
DA:285,0
DA:286,0
DA:290,0
DA:291,0
DA:296,0
DA:300,0
DA:303,1
DA:307,1
DA:308,4
DA:309,0
DA:310,0
DA:311,0
DA:312,0
DA:313,0
DA:318,0
DA:319,0
DA:320,0
DA:321,0
DA:327,2
DA:338,0
DA:343,0
DA:344,0
DA:347,0
DA:348,0
DA:349,0
DA:350,0
DA:351,0
DA:352,0
DA:353,0
DA:354,0
DA:355,0
DA:356,0
DA:357,0
DA:358,0
DA:359,0
DA:360,0
DA:361,0
DA:363,0
LF:112
LH:21
end_of_record
