SF:lib/console/show_date_time_style.dart
DA:1,3
DA:3,2
DA:5,2
DA:7,2
DA:9,2
DA:11,2
DA:18,2
DA:20,2
DA:22,2
DA:24,2
DA:26,2
LF:11
LH:11
end_of_record
SF:lib/console/console_manager.dart
DA:10,6
DA:14,4
DA:16,4
DA:20,2
DA:22,2
DA:24,2
DA:25,2
DA:26,2
DA:27,2
DA:28,4
DA:30,0
DA:34,8
DA:35,6
DA:36,4
DA:38,2
DA:45,2
DA:47,2
DA:48,2
DA:49,6
DA:51,2
DA:56,2
DA:57,4
DA:58,2
DA:61,2
LF:24
LH:23
end_of_record
SF:lib/console/console_panel.dart
DA:16,1
DA:17,1
DA:20,1
DA:21,1
DA:23,1
DA:26,1
DA:28,2
DA:30,1
DA:33,0
DA:36,1
DA:39,0
DA:40,0
DA:42,0
DA:43,0
DA:55,1
DA:57,2
DA:58,1
DA:59,1
DA:60,1
DA:61,1
DA:62,1
DA:65,1
DA:67,1
DA:68,1
DA:69,3
DA:70,0
DA:71,0
DA:73,1
DA:74,2
DA:75,2
DA:77,2
DA:79,2
DA:80,3
DA:81,5
DA:82,1
DA:83,1
DA:84,0
DA:85,0
DA:86,0
DA:87,0
DA:89,3
DA:92,2
DA:93,2
DA:94,4
DA:99,1
DA:100,1
DA:101,4
DA:102,4
DA:103,3
DA:104,1
DA:106,3
DA:110,1
DA:112,1
DA:113,1
DA:115,10
DA:117,1
DA:119,9
DA:120,2
DA:122,1
DA:124,9
DA:126,1
DA:135,1
DA:137,1
DA:138,1
DA:140,2
DA:141,1
DA:142,1
DA:143,2
DA:144,1
DA:145,1
DA:148,1
DA:149,2
DA:150,1
DA:151,1
DA:152,1
DA:158,1
DA:160,8
DA:161,1
DA:172,1
DA:173,1
DA:177,1
DA:178,1
DA:179,1
DA:180,1
DA:181,2
DA:183,0
DA:185,2
DA:186,1
DA:188,1
DA:191,1
DA:195,1
DA:196,1
DA:197,1
DA:200,1
DA:204,1
DA:210,1
DA:211,1
DA:213,1
DA:217,1
DA:218,1
DA:220,1
DA:224,2
DA:225,1
DA:227,1
DA:231,1
DA:232,1
DA:234,1
DA:238,1
DA:243,1
DA:244,6
DA:245,2
DA:246,2
DA:247,2
DA:250,1
DA:251,2
DA:252,2
DA:253,1
DA:254,1
DA:257,1
DA:260,1
DA:261,2
DA:264,8
DA:265,3
LF:123
LH:111
end_of_record
