SF:lib/console/show_date_time_style.dart
DA:1,3
DA:3,2
DA:5,2
DA:7,2
DA:9,2
DA:11,2
DA:18,2
DA:20,2
DA:22,2
DA:24,2
DA:26,2
LF:11
LH:11
end_of_record
SF:lib/console/console_manager.dart
DA:10,6
DA:14,4
DA:16,4
DA:20,2
DA:22,2
DA:24,2
DA:25,2
DA:26,2
DA:27,2
DA:28,4
DA:30,0
DA:34,8
DA:35,6
DA:36,4
DA:38,2
DA:45,2
DA:47,2
DA:48,2
DA:49,6
DA:51,2
DA:56,2
DA:57,4
DA:58,2
DA:61,2
LF:24
LH:23
end_of_record
SF:lib/console/console_panel.dart
DA:16,1
DA:17,1
DA:20,1
DA:21,1
DA:23,1
DA:26,1
DA:28,2
DA:30,1
DA:33,1
DA:36,0
DA:37,0
DA:39,0
DA:40,0
DA:52,1
DA:54,2
DA:55,1
DA:56,1
DA:57,1
DA:58,1
DA:59,1
DA:62,1
DA:64,1
DA:65,3
DA:66,0
DA:67,0
DA:69,1
DA:70,2
DA:71,2
DA:73,2
DA:75,2
DA:76,3
DA:77,5
DA:78,1
DA:79,1
DA:80,0
DA:81,0
DA:82,0
DA:83,0
DA:85,3
DA:88,2
DA:89,2
DA:90,4
DA:95,1
DA:96,1
DA:97,4
DA:98,4
DA:99,3
DA:100,1
DA:102,3
DA:106,1
DA:108,1
DA:109,1
DA:111,10
DA:113,1
DA:115,9
DA:116,2
DA:118,1
DA:120,9
DA:122,1
DA:131,1
DA:133,1
DA:134,1
DA:136,2
DA:137,1
DA:138,1
DA:139,2
DA:140,1
DA:141,1
DA:144,1
DA:145,2
DA:146,1
DA:147,1
DA:148,1
DA:154,1
DA:156,8
DA:157,1
DA:168,1
DA:169,1
DA:173,1
DA:174,1
DA:175,1
DA:176,1
DA:177,2
DA:179,0
DA:181,2
DA:182,1
DA:184,1
DA:187,1
DA:191,1
DA:192,1
DA:193,1
DA:196,1
DA:200,1
DA:206,1
DA:207,1
DA:209,1
DA:213,1
DA:214,1
DA:216,1
DA:220,2
DA:221,1
DA:223,1
DA:227,1
DA:228,1
DA:230,1
DA:234,1
DA:239,1
DA:240,6
DA:241,2
DA:242,2
DA:243,2
DA:246,1
DA:247,2
DA:248,2
DA:249,1
DA:250,1
DA:253,1
DA:256,1
DA:257,3
DA:260,8
DA:261,3
LF:121
LH:110
end_of_record
