SF:lib/core/ui/dragable_widget.dart
DA:18,2
DA:27,0
DA:28,0
DA:29,4
DA:30,2
DA:32,2
DA:33,2
DA:43,2
DA:45,2
DA:46,6
DA:47,6
DA:50,2
DA:52,2
DA:53,2
DA:55,4
DA:56,2
DA:58,2
DA:59,2
DA:63,2
DA:64,2
DA:65,2
DA:66,2
DA:68,2
DA:69,1
DA:70,2
DA:71,4
DA:72,0
DA:73,10
DA:75,0
DA:76,0
DA:77,0
DA:78,0
DA:79,0
DA:82,1
DA:83,1
DA:85,1
DA:86,1
DA:87,3
DA:88,2
DA:89,2
DA:90,2
DA:91,2
DA:97,1
DA:98,1
DA:99,3
DA:101,1
DA:102,2
DA:103,2
DA:104,1
DA:105,3
DA:108,1
DA:109,2
DA:110,4
DA:112,2
DA:113,1
DA:114,2
DA:117,2
DA:118,2
DA:119,2
DA:120,2
DA:121,10
DA:123,2
DA:124,2
DA:125,2
DA:131,2
DA:134,2
DA:135,2
DA:136,2
DA:137,0
LF:69
LH:60
end_of_record
SF:lib/core/plugin_manager.dart
DA:7,14
DA:11,7
DA:13,7
DA:18,7
DA:21,7
DA:22,14
DA:25,21
DA:29,4
DA:30,8
DA:31,4
DA:32,4
LF:11
LH:11
end_of_record
SF:lib/util/store_mixin.dart
DA:7,2
DA:11,6
DA:12,4
DA:13,1
DA:14,2
DA:15,1
DA:16,2
DA:17,1
DA:18,2
DA:19,1
DA:20,2
DA:21,1
DA:22,2
DA:27,2
DA:28,4
DA:29,3
DA:30,2
LF:17
LH:17
end_of_record
SF:lib/core/pluggable_message_service.dart
DA:6,10
DA:7,5
DA:8,5
DA:9,5
DA:16,1
DA:17,1
DA:19,5
DA:20,10
DA:23,3
DA:24,3
DA:26,9
DA:27,9
DA:28,6
DA:31,8
DA:32,4
DA:33,5
DA:34,8
DA:35,2
DA:37,9
DA:38,0
DA:39,0
DA:40,6
DA:44,5
DA:46,30
DA:47,18
DA:52,3
DA:53,11
DA:55,2
DA:56,7
DA:57,2
DA:60,3
DA:61,11
DA:62,4
DA:64,6
DA:67,3
DA:68,12
DA:69,9
DA:76,4
DA:77,6
DA:79,3
DA:80,3
DA:81,3
DA:84,2
DA:85,4
DA:88,1
DA:89,1
DA:96,2
DA:97,6
DA:98,3
LF:49
LH:47
end_of_record
SF:lib/core/red_dot.dart
DA:8,4
DA:9,4
DA:14,4
DA:15,4
DA:22,4
DA:24,4
DA:25,4
DA:26,18
DA:27,2
DA:28,14
DA:29,2
DA:34,4
DA:36,4
DA:37,4
DA:40,4
DA:42,8
DA:43,4
DA:46,4
DA:47,8
DA:48,20
DA:52,4
DA:54,12
DA:55,4
DA:57,1
DA:58,2
DA:59,1
DA:60,1
DA:61,6
DA:62,1
DA:64,1
DA:65,2
DA:66,4
DA:71,1
DA:73,1
DA:75,5
LF:35
LH:35
end_of_record
SF:lib/core/store_manager.dart
DA:10,4
DA:11,8
DA:12,8
DA:15,4
DA:16,4
DA:19,8
DA:20,12
DA:23,2
DA:24,4
DA:25,4
DA:28,2
DA:32,4
DA:33,6
DA:36,1
DA:37,2
DA:38,2
DA:41,1
DA:42,2
DA:43,3
LF:19
LH:19
end_of_record
SF:lib/core/ui/global.dart
DA:3,6
DA:5,2
DA:6,1
LF:3
LH:3
end_of_record
SF:lib/core/ui/icon_cache.dart
DA:5,9
DA:6,3
DA:9,9
DA:10,3
DA:11,6
DA:12,12
DA:13,6
DA:14,0
DA:16,9
LF:9
LH:8
end_of_record
SF:lib/core/ui/menu_page.dart
DA:13,2
DA:14,2
DA:20,2
DA:21,2
DA:30,2
DA:32,2
DA:33,2
DA:36,2
DA:37,2
DA:38,6
DA:39,2
DA:40,0
DA:42,4
DA:43,6
DA:45,8
DA:48,10
DA:49,2
DA:50,0
DA:54,2
DA:55,4
DA:56,2
DA:60,2
DA:61,8
DA:62,2
DA:65,6
DA:66,4
DA:70,2
DA:72,2
DA:74,2
DA:76,2
DA:78,2
DA:79,2
DA:82,6
DA:86,2
DA:89,2
DA:90,2
DA:91,2
DA:92,2
DA:93,2
DA:94,4
DA:95,6
DA:105,2
DA:106,2
DA:107,4
DA:108,6
DA:117,2
DA:118,2
DA:126,2
DA:127,4
DA:128,2
DA:129,1
DA:130,1
DA:132,0
DA:135,0
DA:136,0
DA:138,1
DA:139,1
DA:140,0
DA:141,0
DA:142,0
DA:145,1
DA:157,2
DA:159,2
DA:160,2
DA:166,2
DA:170,1
DA:172,1
DA:173,2
DA:174,1
DA:176,1
DA:177,1
DA:179,1
DA:180,1
DA:183,1
DA:184,1
DA:187,1
DA:190,1
DA:192,1
DA:194,1
DA:197,1
DA:198,1
DA:201,1
DA:204,1
DA:206,1
DA:208,1
DA:210,1
DA:212,1
DA:213,1
DA:214,2
DA:217,1
DA:219,3
DA:225,1
DA:228,1
DA:229,2
LF:94
LH:86
end_of_record
SF:lib/core/ui/root_widget.dart
DA:27,1
DA:35,2
DA:36,2
DA:37,1
DA:45,1
DA:51,1
DA:61,1
DA:63,1
DA:65,1
DA:66,1
DA:69,1
DA:70,1
DA:71,1
DA:74,2
DA:75,1
DA:76,1
DA:77,1
DA:79,1
DA:81,1
DA:82,1
DA:86,1
DA:87,1
DA:92,1
DA:94,1
DA:96,1
DA:97,1
DA:115,1
DA:116,6
DA:117,6
DA:118,2
DA:121,1
DA:122,8
DA:123,1
DA:125,6
DA:127,6
DA:128,6
DA:129,2
DA:130,1
DA:133,4
DA:135,2
DA:138,1
DA:139,1
DA:140,0
DA:141,0
DA:142,0
DA:143,0
DA:144,0
DA:146,0
DA:149,2
DA:150,1
DA:153,1
DA:154,2
DA:155,1
DA:156,5
DA:160,0
DA:161,0
DA:162,0
DA:163,0
DA:167,1
DA:168,1
DA:169,0
DA:170,0
DA:174,2
DA:177,1
DA:179,1
DA:182,1
DA:184,1
DA:185,4
DA:186,0
DA:189,0
DA:190,0
DA:191,0
DA:193,4
DA:194,2
DA:195,1
DA:198,7
DA:199,6
DA:200,0
DA:201,0
DA:202,0
DA:203,0
DA:204,0
DA:207,2
DA:209,1
DA:210,1
DA:211,1
DA:212,2
DA:214,1
DA:215,1
DA:216,1
DA:219,2
DA:221,1
DA:222,1
DA:223,1
DA:224,2
DA:226,1
DA:227,1
DA:228,1
DA:231,2
DA:234,1
DA:236,1
DA:238,2
DA:239,0
DA:240,0
DA:241,0
DA:242,0
DA:244,1
DA:245,2
DA:246,2
DA:247,1
DA:249,1
DA:250,1
DA:251,1
DA:252,1
DA:253,1
DA:254,1
DA:255,1
DA:256,1
DA:257,1
DA:258,1
DA:259,1
DA:260,1
DA:271,1
DA:272,1
DA:273,1
DA:274,1
DA:275,1
DA:276,1
DA:278,1
DA:281,1
DA:283,4
LF:131
LH:106
end_of_record
SF:lib/core/ui/toolbar_widget.dart
DA:15,2
DA:16,2
DA:22,2
DA:23,2
DA:33,2
DA:35,12
DA:36,2
DA:39,1
DA:40,4
DA:41,2
DA:42,6
DA:43,2
DA:46,2
DA:48,4
DA:49,0
DA:50,0
DA:51,0
DA:53,2
DA:55,2
DA:56,2
DA:57,4
DA:58,2
DA:59,4
DA:60,4
DA:67,2
DA:73,2
DA:80,2
DA:81,2
DA:88,2
DA:90,2
DA:91,2
DA:94,2
DA:97,2
DA:99,2
DA:101,2
DA:102,2
DA:104,2
DA:105,2
DA:107,6
DA:108,2
DA:109,2
DA:110,2
DA:111,2
DA:113,2
DA:115,2
DA:116,2
DA:117,2
DA:118,2
DA:119,4
DA:120,6
DA:130,2
DA:131,2
DA:132,4
DA:133,6
DA:140,2
DA:141,2
DA:142,1
DA:143,1
DA:144,2
DA:147,2
DA:148,2
DA:163,2
DA:164,2
DA:165,4
DA:173,1
DA:174,5
DA:177,2
DA:178,2
DA:179,6
DA:180,2
DA:181,0
DA:183,4
DA:184,6
DA:186,8
DA:189,10
DA:190,2
DA:191,0
DA:195,2
DA:196,4
DA:197,2
DA:201,2
DA:202,8
DA:203,2
DA:206,6
DA:207,4
DA:213,2
DA:214,2
DA:219,2
DA:221,2
DA:223,6
DA:224,2
DA:226,2
DA:227,2
DA:228,2
DA:229,4
DA:231,2
DA:234,2
DA:240,4
DA:245,2
DA:247,2
DA:248,1
DA:249,3
DA:250,1
DA:251,3
DA:254,2
DA:255,2
DA:256,2
DA:260,2
DA:262,2
DA:264,2
DA:265,2
DA:266,4
DA:269,2
DA:271,2
DA:272,4
DA:281,2
DA:284,2
DA:285,4
LF:118
LH:113
end_of_record
SF:lib/util/constants.dart
DA:25,15
DA:27,21
LF:2
LH:2
end_of_record
SF:lib/util/flutter_logo.dart
DA:26,1
DA:34,1
DA:74,1
DA:76,1
DA:77,1
DA:78,1
DA:79,1
DA:82,1
DA:83,1
DA:84,1
DA:85,1
DA:86,1
DA:87,1
DA:88,1
DA:95,13
DA:118,2
DA:124,0
DA:125,0
DA:126,0
DA:127,0
DA:128,0
DA:133,0
DA:137,2
DA:181,2
DA:182,4
DA:183,8
DA:185,2
DA:187,2
DA:188,2
DA:189,2
DA:190,2
DA:191,2
DA:192,2
DA:193,4
DA:194,2
DA:195,4
DA:196,4
DA:200,1
DA:201,1
DA:216,2
DA:218,0
DA:219,2
DA:220,2
DA:223,1
DA:224,1
DA:225,1
DA:226,1
DA:227,1
DA:228,2
DA:229,1
DA:230,3
DA:234,1
DA:235,1
DA:236,1
DA:237,1
DA:238,1
DA:239,2
DA:240,1
DA:241,4
DA:244,2
DA:245,2
DA:246,2
DA:247,6
DA:248,6
DA:249,6
DA:250,6
DA:251,6
DA:252,12
DA:253,14
DA:257,1
DA:259,1
DA:260,1
DA:261,1
DA:262,1
DA:264,0
DA:267,0
DA:269,0
DA:270,0
DA:271,0
DA:272,0
DA:274,0
DA:277,1
DA:283,1
DA:285,1
DA:286,1
DA:289,2
DA:291,2
DA:293,1
DA:295,3
DA:296,3
DA:297,3
DA:298,3
DA:299,3
DA:302,0
DA:304,0
DA:305,0
DA:306,0
DA:307,0
DA:308,0
DA:309,0
DA:310,0
DA:314,1
DA:316,1
DA:318,6
DA:319,3
DA:320,1
DA:321,2
DA:322,5
DA:328,1
DA:329,0
DA:330,1
DA:331,1
DA:332,1
DA:341,1
DA:343,2
DA:344,1
DA:346,1
DA:347,2
DA:349,1
DA:350,1
DA:358,2
DA:359,1
DA:360,1
DA:362,1
DA:363,2
DA:364,4
DA:370,1
DA:374,1
DA:375,3
DA:376,5
DA:381,3
DA:384,1
DA:385,4
DA:386,4
DA:387,4
DA:389,1
DA:392,1
DA:403,1
DA:415,1
DA:416,1
DA:417,1
DA:419,1
DA:422,1
DA:433,1
DA:445,1
DA:446,1
DA:447,1
DA:450,1
DA:451,1
DA:452,1
DA:453,1
DA:454,1
DA:455,1
DA:457,1
DA:458,1
DA:459,1
DA:460,1
DA:461,1
DA:462,1
DA:464,1
DA:465,1
DA:466,1
DA:467,1
DA:468,1
DA:469,1
DA:470,1
DA:472,1
DA:473,2
DA:480,1
DA:481,1
DA:484,1
DA:485,1
DA:486,1
DA:487,1
DA:488,1
DA:490,1
DA:491,1
DA:492,1
DA:493,1
DA:494,1
DA:495,1
DA:497,1
DA:500,1
DA:502,4
DA:503,4
DA:504,1
DA:506,3
DA:509,3
DA:517,1
DA:518,2
DA:520,3
DA:521,1
DA:522,1
DA:523,5
DA:524,5
DA:530,3
DA:533,0
DA:534,3
DA:536,0
DA:537,0
DA:538,0
DA:539,0
DA:548,4
DA:550,3
DA:551,0
DA:552,0
DA:553,0
DA:554,0
DA:555,0
DA:560,3
DA:561,0
DA:564,0
DA:565,0
DA:568,0
DA:570,0
DA:571,0
DA:575,0
DA:576,0
DA:577,0
DA:578,0
DA:579,0
DA:580,0
DA:582,0
DA:583,0
DA:584,0
DA:585,0
DA:586,0
DA:587,0
DA:588,0
DA:589,0
DA:590,0
DA:592,0
DA:593,0
DA:594,0
DA:595,0
DA:596,0
DA:599,0
DA:600,0
DA:601,0
DA:603,0
DA:605,0
DA:607,0
DA:608,0
DA:609,0
DA:611,0
DA:612,0
DA:613,0
DA:614,0
DA:615,0
DA:616,0
DA:617,0
DA:618,0
DA:619,0
DA:620,0
DA:621,0
DA:627,0
DA:629,0
DA:630,0
DA:636,0
DA:639,1
DA:640,3
LF:261
LH:179
end_of_record
SF:lib/service/inspector/inspector_overlay.dart
DA:10,1
DA:15,1
DA:23,1
DA:25,1
DA:26,1
DA:27,1
DA:28,1
DA:31,1
DA:34,2
DA:39,1
DA:44,0
DA:49,2
DA:51,1
DA:52,2
DA:53,1
DA:55,1
DA:58,1
DA:61,1
DA:64,1
DA:66,3
DA:69,1
DA:71,1
DA:72,2
DA:73,1
DA:74,1
DA:75,7
DA:76,1
DA:82,1
DA:87,0
DA:88,0
DA:105,1
DA:107,2
DA:109,2
DA:110,1
DA:111,1
DA:112,3
DA:113,2
DA:114,2
DA:117,1
DA:119,1
DA:120,1
DA:125,2
DA:126,1
DA:127,2
DA:129,2
DA:132,1
DA:133,1
DA:134,2
DA:135,2
DA:137,1
DA:138,1
DA:139,1
DA:141,1
DA:142,1
DA:143,1
DA:144,1
DA:146,3
DA:148,1
DA:149,4
DA:150,1
DA:151,1
DA:152,1
DA:154,1
DA:155,2
DA:157,1
DA:158,3
DA:159,3
DA:160,1
DA:163,1
DA:164,4
DA:165,4
DA:167,3
DA:169,1
DA:170,3
DA:171,1
DA:173,1
DA:176,1
DA:185,1
DA:187,4
DA:188,1
DA:189,1
DA:190,0
DA:191,0
DA:192,1
DA:193,2
DA:194,1
DA:195,1
DA:196,2
DA:197,1
DA:199,1
DA:200,1
DA:203,3
DA:205,1
DA:213,1
DA:214,1
DA:215,1
DA:216,1
DA:217,1
DA:219,3
DA:224,1
DA:225,3
DA:226,0
DA:229,4
DA:230,5
DA:231,1
DA:232,2
DA:233,2
DA:234,3
DA:236,3
DA:237,2
DA:238,1
DA:239,1
DA:242,1
DA:252,1
DA:255,3
DA:257,3
DA:259,1
DA:260,1
DA:261,1
DA:263,3
DA:266,2
DA:267,1
DA:270,1
DA:271,1
DA:272,0
DA:277,1
DA:278,1
DA:279,0
DA:284,1
DA:285,8
DA:290,1
DA:304,1
DA:306,0
DA:309,0
DA:310,0
DA:311,0
DA:314,0
DA:315,0
DA:319,1
DA:320,1
DA:321,1
DA:326,0
DA:328,0
DA:330,0
DA:333,0
DA:334,0
LF:146
LH:127
end_of_record
SF:lib/service/vm_service/service_wrapper.dart
DA:12,1
DA:13,1
DA:14,1
DA:16,3
DA:17,1
DA:20,1
DA:21,1
DA:22,1
DA:24,2
DA:25,2
DA:26,1
DA:27,1
DA:28,4
DA:29,1
DA:32,1
DA:33,2
DA:34,1
DA:37,1
DA:38,2
DA:39,2
DA:42,1
DA:43,2
DA:44,2
DA:47,1
DA:48,2
DA:49,2
DA:52,1
DA:53,2
DA:54,2
DA:57,1
DA:58,2
DA:59,1
DA:62,1
DA:63,2
DA:64,2
DA:65,1
DA:68,1
DA:69,2
DA:70,2
DA:73,1
DA:74,2
DA:75,2
DA:78,1
DA:79,2
DA:80,2
DA:84,1
DA:85,2
DA:86,2
DA:89,1
DA:90,2
DA:91,1
DA:92,2
DA:93,4
DA:94,1
DA:98,1
DA:99,2
DA:100,2
DA:103,1
DA:104,2
DA:105,2
LF:60
LH:60
end_of_record
SF:lib/util/json_map_writer_extension.dart
DA:4,1
DA:7,1
DA:8,4
DA:9,1
DA:10,2
DA:11,3
DA:12,1
DA:15,2
DA:16,2
DA:17,1
DA:21,1
DA:22,2
DA:23,3
DA:24,1
DA:25,2
DA:26,2
DA:27,1
LF:17
LH:17
end_of_record
SF:lib/util/json_list_writer_extension.dart
DA:4,1
DA:7,1
DA:8,4
DA:9,1
DA:10,2
DA:11,3
DA:12,1
DA:15,2
DA:16,2
DA:17,1
DA:21,1
DA:22,2
DA:23,3
DA:24,1
DA:25,2
DA:26,2
DA:27,1
LF:17
LH:17
end_of_record
SF:lib/util/floating_widget.dart
DA:12,1
DA:14,1
DA:20,1
DA:21,1
DA:27,1
DA:34,1
DA:35,5
DA:39,1
DA:41,2
DA:43,0
DA:44,0
DA:47,7
DA:48,1
DA:51,1
DA:52,4
DA:53,2
DA:54,2
DA:55,5
DA:56,1
DA:57,1
DA:58,2
DA:59,5
DA:60,4
DA:61,2
DA:64,1
DA:65,3
DA:68,1
DA:70,2
DA:71,0
DA:72,0
DA:73,0
DA:75,1
DA:76,2
DA:77,2
DA:78,2
DA:79,1
DA:81,2
DA:82,1
DA:83,2
DA:84,1
DA:85,1
DA:86,1
DA:87,2
DA:88,2
DA:91,2
DA:92,2
DA:100,1
DA:108,1
DA:117,1
DA:118,1
DA:125,1
DA:126,5
DA:130,1
DA:132,2
DA:133,0
DA:136,1
DA:137,1
DA:139,1
DA:141,1
DA:142,1
DA:143,1
DA:145,1
DA:147,3
DA:148,1
DA:149,2
DA:150,3
DA:151,1
DA:152,1
DA:153,1
DA:155,1
DA:157,1
DA:158,1
DA:159,1
DA:160,1
DA:161,2
DA:162,3
DA:172,1
DA:173,1
DA:174,2
DA:175,3
DA:177,2
DA:178,2
DA:181,1
DA:183,1
DA:187,1
DA:188,1
DA:189,1
DA:190,1
DA:191,2
DA:192,1
DA:195,1
DA:196,1
DA:211,1
DA:212,1
DA:213,3
DA:214,1
DA:215,2
DA:216,4
DA:217,3
DA:218,1
DA:219,2
DA:221,2
DA:222,3
DA:223,1
DA:226,1
DA:229,1
DA:231,4
DA:232,1
DA:233,1
DA:234,1
DA:235,1
DA:237,1
DA:238,1
DA:239,1
DA:240,1
DA:242,1
DA:249,1
DA:260,1
DA:261,5
DA:264,1
DA:265,5
LF:121
LH:115
end_of_record
